2025-06-05 20:22:00,464 - integration - INFO - 数据引擎初始化成功
2025-06-05 20:22:00,464 - integration - INFO - 策略引擎初始化成功
2025-06-05 20:22:00,464 - integration - INFO - 机器学习引擎初始化成功
2025-06-05 20:22:00,464 - integration - INFO - QuantAI Trader 系统初始化成功
2025-06-06 10:21:25,270 - integration - INFO - 数据引擎初始化成功 - 模拟模式
2025-06-06 10:21:25,270 - integration - INFO - 策略引擎初始化成功 - 模拟模式
2025-06-06 10:21:25,270 - integration - INFO - 机器学习引擎初始化成功
2025-06-06 10:21:25,270 - integration - INFO - Tony&Associates QuantAI Trader 系统初始化成功
2025-06-06 10:21:25,270 - integration - INFO - 数据引擎初始化成功 - 模拟模式
2025-06-06 10:21:25,270 - integration - INFO - 策略引擎初始化成功 - 模拟模式
2025-06-06 10:21:25,270 - integration - INFO - 机器学习引擎初始化成功
2025-06-06 10:21:25,270 - integration - INFO - Tony&Associates QuantAI Trader 系统初始化成功
2025-06-06 10:21:25,270 - integration - INFO - ==================================================
2025-06-06 10:21:25,271 - integration - INFO - 开始执行完整量化交易流水线
2025-06-06 10:21:25,271 - integration - INFO - ==================================================
2025-06-06 10:21:25,271 - integration - INFO - 执行策略 rsi for AAPL
2025-06-06 10:21:25,271 - integration - INFO - 使用模拟数据: AAPL
2025-06-06 10:21:25,287 - integration - INFO - 完整流水线执行完成
2025-06-06 10:22:23,001 - integration - INFO - 数据引擎初始化成功 - 模拟模式
2025-06-06 10:22:23,001 - integration - INFO - 策略引擎初始化成功 - 模拟模式
2025-06-06 10:22:23,001 - integration - INFO - 机器学习引擎初始化成功
2025-06-06 10:22:23,001 - integration - INFO - Tony&Associates QuantAI Trader 系统初始化成功
2025-06-06 10:22:23,001 - integration - INFO - ==================================================
2025-06-06 10:22:23,001 - integration - INFO - 开始执行完整量化交易流水线
2025-06-06 10:22:23,001 - integration - INFO - ==================================================
2025-06-06 10:22:23,001 - integration - INFO - 执行策略 rsi for AAPL
2025-06-06 10:22:23,002 - integration - INFO - 使用模拟数据: AAPL
2025-06-06 10:22:23,017 - integration - INFO - 完整流水线执行完成
2025-06-06 10:22:23,017 - integration - INFO - 数据引擎初始化成功 - 模拟模式
2025-06-06 10:22:23,017 - integration - INFO - 策略引擎初始化成功 - 模拟模式
2025-06-06 10:22:23,017 - integration - INFO - 机器学习引擎初始化成功
2025-06-06 10:22:23,018 - integration - INFO - Tony&Associates QuantAI Trader 系统初始化成功
2025-06-06 10:22:23,018 - integration - INFO - ==================================================
2025-06-06 10:22:23,018 - integration - INFO - 开始执行完整量化交易流水线
2025-06-06 10:22:23,018 - integration - INFO - ==================================================
2025-06-06 10:22:23,018 - integration - INFO - 执行策略 rsi for TSLA
2025-06-06 10:22:23,018 - integration - INFO - 使用模拟数据: TSLA
2025-06-06 10:22:23,024 - integration - INFO - 完整流水线执行完成
2025-06-06 10:22:33,315 - integration - INFO - 数据引擎初始化成功 - 模拟模式
2025-06-06 10:22:33,315 - integration - INFO - 策略引擎初始化成功 - 模拟模式
2025-06-06 10:22:33,315 - integration - INFO - 机器学习引擎初始化成功
2025-06-06 10:22:33,315 - integration - INFO - Tony&Associates QuantAI Trader 系统初始化成功
2025-06-06 10:22:33,315 - integration - INFO - ==================================================
2025-06-06 10:22:33,315 - integration - INFO - 开始执行完整量化交易流水线
2025-06-06 10:22:33,315 - integration - INFO - ==================================================
2025-06-06 10:22:33,315 - integration - INFO - 执行策略 rsi for AAPL
2025-06-06 10:22:33,315 - integration - INFO - 使用模拟数据: AAPL
2025-06-06 10:22:33,322 - integration - INFO - 完整流水线执行完成
2025-06-06 10:22:33,322 - integration - INFO - 数据引擎初始化成功 - 模拟模式
2025-06-06 10:22:33,322 - integration - INFO - 策略引擎初始化成功 - 模拟模式
2025-06-06 10:22:33,322 - integration - INFO - 机器学习引擎初始化成功
2025-06-06 10:22:33,322 - integration - INFO - Tony&Associates QuantAI Trader 系统初始化成功
2025-06-06 10:22:33,322 - integration - INFO - ==================================================
2025-06-06 10:22:33,322 - integration - INFO - 开始执行完整量化交易流水线
2025-06-06 10:22:33,322 - integration - INFO - ==================================================
2025-06-06 10:22:33,323 - integration - INFO - 执行策略 moving_average for AAPL
2025-06-06 10:22:33,323 - integration - INFO - 使用模拟数据: AAPL
2025-06-06 10:22:33,328 - integration - INFO - 完整流水线执行完成
2025-06-06 10:22:33,328 - integration - INFO - 数据引擎初始化成功 - 模拟模式
2025-06-06 10:22:33,328 - integration - INFO - 策略引擎初始化成功 - 模拟模式
2025-06-06 10:22:33,329 - integration - INFO - 机器学习引擎初始化成功
2025-06-06 10:22:33,329 - integration - INFO - Tony&Associates QuantAI Trader 系统初始化成功
2025-06-06 10:22:33,329 - integration - INFO - ==================================================
2025-06-06 10:22:33,329 - integration - INFO - 开始执行完整量化交易流水线
2025-06-06 10:22:33,329 - integration - INFO - ==================================================
2025-06-06 10:22:33,329 - integration - INFO - 执行策略 macd for AAPL
2025-06-06 10:22:33,329 - integration - INFO - 使用模拟数据: AAPL
2025-06-06 10:22:33,335 - integration - INFO - 完整流水线执行完成
2025-06-06 10:42:36,490 - integration - ERROR - 系统初始化失败: ❌ 无法导入必要模块，请检查模块路径和依赖包安装
